
> user-frontend@0.0.0 build
> run-p type-check "build-only {@}" --


> user-frontend@0.0.0 build-only
> vite build


> user-frontend@0.0.0 type-check
> vue-tsc --build

vite v7.0.3 building for production...
transforming...
src/api/index.ts(9,36): error TS2307: Cannot find module './auth' or its corresponding type declarations.
src/api/index.ts(22,21): error TS2307: Cannot find module './auth' or its corresponding type declarations.
src/api/request.ts(17,3): error TS2345: Argument of type '(config: AxiosRequestConfig) => AxiosRequestConfig<any>' is not assignable to parameter of type '(value: InternalAxiosRequestConfig<any>) => InternalAxiosRequestConfig<any> | Promise<InternalAxiosRequestConfig<any>>'.
  Type 'AxiosRequestConfig<any>' is not assignable to type 'InternalAxiosRequestConfig<any> | Promise<InternalAxiosRequestConfig<any>>'.
    Type 'AxiosRequestConfig<any>' is not assignable to type 'InternalAxiosRequestConfig<any>'.
      Types of property 'headers' are incompatible.
        Type 'AxiosHeaders | (Partial<RawAxiosHeaders & { Accept: AxiosHeaderValue; "Content-Length": AxiosHeaderValue; "User-Agent": AxiosHeaderValue; "Content-Encoding": AxiosHeaderValue; Authorization: AxiosHeaderValue; } & { ...; }> & Partial<...>) | undefined' is not assignable to type 'AxiosRequestHeaders'.
          Type 'undefined' is not assignable to type 'AxiosRequestHeaders'.
            Type 'undefined' is not assignable to type 'Partial<RawAxiosHeaders & { Accept: AxiosHeaderValue; "Content-Length": AxiosHeaderValue; "User-Agent": AxiosHeaderValue; "Content-Encoding": AxiosHeaderValue; Authorization: AxiosHeaderValue; } & { ...; }>'.
src/types/router.ts(69,10): error TS2304: Cannot find name 'RouteMeta'.
src/types/router.ts(112,10): error TS2304: Cannot find name 'RouteMeta'.
src/utils/http.ts(256,35): error TS2345: Argument of type '{ url?: string | undefined; method?: HttpMethod; params: any; data?: any; headers?: Record<string, string>; timeout?: number; auth?: boolean; loading?: boolean; showError?: boolean; }' is not assignable to parameter of type 'AxiosRequestConfig<any>'.
  Types of property 'auth' are incompatible.
    Type 'boolean | undefined' is not assignable to type 'AxiosBasicCredentials | undefined'.
      Type 'boolean' is not assignable to type 'AxiosBasicCredentials'.
src/utils/http.ts(263,42): error TS2345: Argument of type 'Partial<RequestConfig> | undefined' is not assignable to parameter of type 'AxiosRequestConfig<any> | undefined'.
  Type 'Partial<RequestConfig>' is not assignable to type 'AxiosRequestConfig<any>'.
    Types of property 'auth' are incompatible.
      Type 'boolean | undefined' is not assignable to type 'AxiosBasicCredentials | undefined'.
        Type 'boolean' is not assignable to type 'AxiosBasicCredentials'.
src/utils/http.ts(270,41): error TS2345: Argument of type 'Partial<RequestConfig> | undefined' is not assignable to parameter of type 'AxiosRequestConfig<any> | undefined'.
  Type 'Partial<RequestConfig>' is not assignable to type 'AxiosRequestConfig<any>'.
    Types of property 'auth' are incompatible.
      Type 'boolean | undefined' is not assignable to type 'AxiosBasicCredentials | undefined'.
        Type 'boolean' is not assignable to type 'AxiosBasicCredentials'.
src/utils/http.ts(277,38): error TS2345: Argument of type 'Partial<RequestConfig> | undefined' is not assignable to parameter of type 'AxiosRequestConfig<any> | undefined'.
  Type 'Partial<RequestConfig>' is not assignable to type 'AxiosRequestConfig<any>'.
    Types of property 'auth' are incompatible.
      Type 'boolean | undefined' is not assignable to type 'AxiosBasicCredentials | undefined'.
        Type 'boolean' is not assignable to type 'AxiosBasicCredentials'.
src/utils/http.ts(284,43): error TS2345: Argument of type 'Partial<RequestConfig> | undefined' is not assignable to parameter of type 'AxiosRequestConfig<any> | undefined'.
  Type 'Partial<RequestConfig>' is not assignable to type 'AxiosRequestConfig<any>'.
    Types of property 'auth' are incompatible.
      Type 'boolean | undefined' is not assignable to type 'AxiosBasicCredentials | undefined'.
        Type 'boolean' is not assignable to type 'AxiosBasicCredentials'.
src/views/dashboard/DashboardView.vue(15,10): error TS2322: Type 'string' is not assignable to type '"error" | "success" | "default" | "primary" | "warning" | undefined'.
src/views/dashboard/DashboardView.vue(105,18): error TS2322: Type 'string' is not assignable to type '"text" | "error" | "success" | "default" | "primary" | "warning" | "info" | undefined'.
src/views/market/MarketView.vue(88,21): error TS2339: Property 'totalElements' does not exist on type 'CreateComponentPublicInstanceWithMixins<ToResolvedProps<{}, {}>, { ProjectCard: DefineComponent<Props, {}, {}, {}, {}, ComponentOptionsMixin, ComponentOptionsMixin, ... 12 more ..., any>; ... 17 more ...; handleDemo: (project: any) => void; }, ... 23 more ..., {}>'.
